<?xml version="1.0" encoding="UTF-8"?>
<testsuite name="LibraryTest" tests="1" skipped="0" failures="0" errors="0" timestamp="2018-07-21T22:45:36" hostname="Lenovo-PC" time="0.04">
  <properties/>
  <testcase name="testSomeLibraryMethod" classname="LibraryTest" time="0.04"/>
  <system-out><![CDATA[]]></system-out>
  <system-err><![CDATA[]]></system-err>
</testsuite>
